2023-04-03 03:14:02.856198 - Initialized conversion of CBT858
2023-04-03 03:14:04.210430 - Received CBT.V504.FILE858.PDS from FILE858.XMI 
2023-04-03 03:14:04.213176 - Found $$$#DATE.txt (text/plain) in CBT.V504.FILE858.PDS, moved to PDS/$$$#DATE
2023-04-03 03:14:04.214797 - Found $$$DOC.txt (text/plain) in CBT.V504.FILE858.PDS, moved to PDS/$$$DOC
2023-04-03 03:14:04.215902 - Found $ASMONE.jcl (text/plain) in CBT.V504.FILE858.PDS, moved to PDS/$ASMONE
2023-04-03 03:14:04.216865 - Found $ASMPCL.txt (text/plain) in CBT.V504.FILE858.PDS, moved to PDS/$ASMPCL
2023-04-03 03:14:04.217772 - Found $BOILER.txt (text/plain) in CBT.V504.FILE858.PDS, moved to PDS/$BOILER
2023-04-03 03:14:04.218721 - Found $LICENSE.txt (text/plain) in CBT.V504.FILE858.PDS, moved to PDS/$LICENSE
2023-04-03 03:14:04.219806 - Found $MEMBERS.txt (text/plain) in CBT.V504.FILE858.PDS, moved to PDS/$MEMBERS
2023-04-03 03:14:04.220778 - Found ##$DC.txt (text/plain) in CBT.V504.FILE858.PDS, moved to PDS/##$DC
2023-04-03 03:14:04.221756 - Found ##$OS.txt (text/plain) in CBT.V504.FILE858.PDS, moved to PDS/##$OS
2023-04-03 03:14:04.222807 - Found ##$PLI.txt (text/plain) in CBT.V504.FILE858.PDS, moved to PDS/##$PLI
2023-04-03 03:14:04.223831 - Found ##$SASC.txt (text/plain) in CBT.V504.FILE858.PDS, moved to PDS/##$SASC
2023-04-03 03:14:04.224925 - Found ##AHI.txt (text/plain) in CBT.V504.FILE858.PDS, moved to PDS/##AHI
2023-04-03 03:14:04.225858 - Found ##ASMH.txt (text/plain) in CBT.V504.FILE858.PDS, moved to PDS/##ASMH
2023-04-03 03:14:04.226850 - Found ##B.txt (text/plain) in CBT.V504.FILE858.PDS, moved to PDS/##B
2023-04-03 03:14:04.227947 - Found ##CHI.txt (text/plain) in CBT.V504.FILE858.PDS, moved to PDS/##CHI
2023-04-03 03:14:04.228996 - Found ##COND.txt (text/plain) in CBT.V504.FILE858.PDS, moved to PDS/##COND
2023-04-03 03:14:04.229979 - Found ##CVREG.txt (text/plain) in CBT.V504.FILE858.PDS, moved to PDS/##CVREG
2023-04-03 03:14:04.230972 - Found ##DEFSUB.txt (text/plain) in CBT.V504.FILE858.PDS, moved to PDS/##DEFSUB
2023-04-03 03:14:04.231981 - Found ##EESTD.txt (text/plain) in CBT.V504.FILE858.PDS, moved to PDS/##EESTD
2023-04-03 03:14:04.233042 - Found ##ENDSD.txt (text/plain) in CBT.V504.FILE858.PDS, moved to PDS/##ENDSD
2023-04-03 03:14:04.234039 - Found ##ENDWA.txt (text/plain) in CBT.V504.FILE858.PDS, moved to PDS/##ENDWA
2023-04-03 03:14:04.235050 - Found ##EPSTD.txt (text/plain) in CBT.V504.FILE858.PDS, moved to PDS/##EPSTD
2023-04-03 03:14:04.236053 - Found ##IESTD.txt (text/plain) in CBT.V504.FILE858.PDS, moved to PDS/##IESTD
2023-04-03 03:14:04.237045 - Found ##IGMSG.txt (text/plain) in CBT.V504.FILE858.PDS, moved to PDS/##IGMSG
2023-04-03 03:14:04.238057 - Found ##IPSTD.txt (text/plain) in CBT.V504.FILE858.PDS, moved to PDS/##IPSTD
2023-04-03 03:14:04.239080 - Found ##L.txt (text/plain) in CBT.V504.FILE858.PDS, moved to PDS/##L
2023-04-03 03:14:04.240076 - Found ##LA.txt (text/plain) in CBT.V504.FILE858.PDS, moved to PDS/##LA
2023-04-03 03:14:04.241212 - Found ##LAL.txt (text/plain) in CBT.V504.FILE858.PDS, moved to PDS/##LAL
2023-04-03 03:14:04.242686 - Found ##LDBS.txt (text/plain) in CBT.V504.FILE858.PDS, moved to PDS/##LDBS
2023-04-03 03:14:04.243761 - Found ##LHI.txt (text/plain) in CBT.V504.FILE858.PDS, moved to PDS/##LHI
2023-04-03 03:14:04.244793 - Found ##MODPFX.txt (text/plain) in CBT.V504.FILE858.PDS, moved to PDS/##MODPFX
2023-04-03 03:14:04.245853 - Found ##MOVEL.txt (text/plain) in CBT.V504.FILE858.PDS, moved to PDS/##MOVEL
2023-04-03 03:14:04.246988 - Found ##MREG.txt (text/plain) in CBT.V504.FILE858.PDS, moved to PDS/##MREG
2023-04-03 03:14:04.248093 - Found ##ORGS.txt (text/plain) in CBT.V504.FILE858.PDS, moved to PDS/##ORGS
2023-04-03 03:14:04.249417 - Found ##PEDC.txt (text/plain) in CBT.V504.FILE858.PDS, moved to PDS/##PEDC
2023-04-03 03:14:04.250520 - Found ##PEOS.txt (text/plain) in CBT.V504.FILE858.PDS, moved to PDS/##PEOS
2023-04-03 03:14:04.251643 - Found ##PEPLI.txt (text/plain) in CBT.V504.FILE858.PDS, moved to PDS/##PEPLI
2023-04-03 03:14:04.252778 - Found ##PESC.txt (text/plain) in CBT.V504.FILE858.PDS, moved to PDS/##PESC
2023-04-03 03:14:04.253879 - Found ##PLIST.txt (text/plain) in CBT.V504.FILE858.PDS, moved to PDS/##PLIST
2023-04-03 03:14:04.254966 - Found ##PPDC.txt (text/plain) in CBT.V504.FILE858.PDS, moved to PDS/##PPDC
2023-04-03 03:14:04.256059 - Found ##PPOS.txt (text/plain) in CBT.V504.FILE858.PDS, moved to PDS/##PPOS
2023-04-03 03:14:04.257185 - Found ##PPPLI.txt (text/plain) in CBT.V504.FILE858.PDS, moved to PDS/##PPPLI
2023-04-03 03:14:04.258287 - Found ##PPSC.txt (text/plain) in CBT.V504.FILE858.PDS, moved to PDS/##PPSC
2023-04-03 03:14:04.259398 - Found ##PRMOPT.txt (text/plain) in CBT.V504.FILE858.PDS, moved to PDS/##PRMOPT
2023-04-03 03:14:04.260441 - Found ##REGS.txt (text/plain) in CBT.V504.FILE858.PDS, moved to PDS/##REGS
2023-04-03 03:14:04.261463 - Found ##RST.txt (text/plain) in CBT.V504.FILE858.PDS, moved to PDS/##RST
2023-04-03 03:14:04.262486 - Found ##RWREG.txt (text/plain) in CBT.V504.FILE858.PDS, moved to PDS/##RWREG
2023-04-03 03:14:04.263709 - Found ##SD.txt (text/plain) in CBT.V504.FILE858.PDS, moved to PDS/##SD
2023-04-03 03:14:04.264788 - Found ##SECT.txt (text/plain) in CBT.V504.FILE858.PDS, moved to PDS/##SECT
2023-04-03 03:14:04.265922 - Found ##SESTD.txt (text/plain) in CBT.V504.FILE858.PDS, moved to PDS/##SESTD
2023-04-03 03:14:04.267181 - Found ##SPSTD.txt (text/plain) in CBT.V504.FILE858.PDS, moved to PDS/##SPSTD
2023-04-03 03:14:04.268206 - Found ##ST.txt (text/plain) in CBT.V504.FILE858.PDS, moved to PDS/##ST
2023-04-03 03:14:04.269248 - Found ##SUBOPT.txt (text/plain) in CBT.V504.FILE858.PDS, moved to PDS/##SUBOPT
2023-04-03 03:14:04.270273 - Found ##SWREG.txt (text/plain) in CBT.V504.FILE858.PDS, moved to PDS/##SWREG
2023-04-03 03:14:04.271400 - Found ##UCEXI.txt (text/plain) in CBT.V504.FILE858.PDS, moved to PDS/##UCEXI
2023-04-03 03:14:04.272385 - Found ##UCL16.txt (text/plain) in CBT.V504.FILE858.PDS, moved to PDS/##UCL16
2023-04-03 03:14:04.273416 - Found ##UCL32.txt (text/plain) in CBT.V504.FILE858.PDS, moved to PDS/##UCL32
2023-04-03 03:14:04.274572 - Found ##UCOND.txt (text/plain) in CBT.V504.FILE858.PDS, moved to PDS/##UCOND
2023-04-03 03:14:04.275648 - Found ##UCTRT.txt (text/plain) in CBT.V504.FILE858.PDS, moved to PDS/##UCTRT
2023-04-03 03:14:04.276621 - Found ##UESTD.txt (text/plain) in CBT.V504.FILE858.PDS, moved to PDS/##UESTD
2023-04-03 03:14:04.277581 - Found ##UPSTD.txt (text/plain) in CBT.V504.FILE858.PDS, moved to PDS/##UPSTD
2023-04-03 03:14:04.278523 - Found ##VEDSCT.txt (text/plain) in CBT.V504.FILE858.PDS, moved to PDS/##VEDSCT
2023-04-03 03:14:04.279472 - Found ##VEINLN.txt (text/plain) in CBT.V504.FILE858.PDS, moved to PDS/##VEINLN
2023-04-03 03:14:04.280532 - Found ##VOP.txt (text/plain) in CBT.V504.FILE858.PDS, moved to PDS/##VOP
2023-04-03 03:14:04.281713 - Found ##VPDSCT.txt (text/plain) in CBT.V504.FILE858.PDS, moved to PDS/##VPDSCT
2023-04-03 03:14:04.282780 - Found ##VPINLN.txt (text/plain) in CBT.V504.FILE858.PDS, moved to PDS/##VPINLN
2023-04-03 03:14:04.283910 - Found ##WA.txt (text/plain) in CBT.V504.FILE858.PDS, moved to PDS/##WA
2023-04-03 03:14:04.284995 - Found ##WESTD.txt (text/plain) in CBT.V504.FILE858.PDS, moved to PDS/##WESTD
2023-04-03 03:14:04.286144 - Found ##WPDC.txt (text/plain) in CBT.V504.FILE858.PDS, moved to PDS/##WPDC
2023-04-03 03:14:04.287182 - Found ##WPOS.txt (text/plain) in CBT.V504.FILE858.PDS, moved to PDS/##WPOS
2023-04-03 03:14:04.288208 - Found ##WPPLI.txt (text/plain) in CBT.V504.FILE858.PDS, moved to PDS/##WPPLI
2023-04-03 03:14:04.289244 - Found ##WPSC.txt (text/plain) in CBT.V504.FILE858.PDS, moved to PDS/##WPSC
2023-04-03 03:14:04.290273 - Found ##XEFF.txt (text/plain) in CBT.V504.FILE858.PDS, moved to PDS/##XEFF
2023-04-03 03:14:04.291282 - Found @FILE858.txt (text/plain) in CBT.V504.FILE858.PDS, moved to PDS/@FILE858
2023-04-03 03:14:04.292294 - Found BLOCK.txt (text/plain) in CBT.V504.FILE858.PDS, moved to PDS/BLOCK
2023-04-03 03:14:04.293288 - Found CALLCASE.txt (text/plain) in CBT.V504.FILE858.PDS, moved to PDS/CALLCASE
2023-04-03 03:14:04.294469 - Found CALLSUB.txt (text/plain) in CBT.V504.FILE858.PDS, moved to PDS/CALLSUB
2023-04-03 03:14:04.295542 - Found CALLX.txt (text/plain) in CBT.V504.FILE858.PDS, moved to PDS/CALLX
2023-04-03 03:14:04.296741 - Found CASE.txt (text/plain) in CBT.V504.FILE858.PDS, moved to PDS/CASE
2023-04-03 03:14:04.297895 - Found CASEBLK.txt (text/plain) in CBT.V504.FILE858.PDS, moved to PDS/CASEBLK
2023-04-03 03:14:04.299103 - Found DC.txt (text/plain) in CBT.V504.FILE858.PDS, moved to PDS/DC
2023-04-03 03:14:04.300171 - Found DEFUCOND.txt (text/plain) in CBT.V504.FILE858.PDS, moved to PDS/DEFUCOND
2023-04-03 03:14:04.301288 - Found DEFVGTYP.txt (text/plain) in CBT.V504.FILE858.PDS, moved to PDS/DEFVGTYP
2023-04-03 03:14:04.302404 - Found DS.txt (text/plain) in CBT.V504.FILE858.PDS, moved to PDS/DS
2023-04-03 03:14:04.303440 - Found ELSE.txt (text/plain) in CBT.V504.FILE858.PDS, moved to PDS/ELSE
2023-04-03 03:14:04.304614 - Found ELSEIF.txt (text/plain) in CBT.V504.FILE858.PDS, moved to PDS/ELSEIF
2023-04-03 03:14:04.305804 - Found ENDBLK.txt (text/plain) in CBT.V504.FILE858.PDS, moved to PDS/ENDBLK
2023-04-03 03:14:04.306766 - Found ENDCASE.txt (text/plain) in CBT.V504.FILE858.PDS, moved to PDS/ENDCASE
2023-04-03 03:14:04.307831 - Found ENDIF.txt (text/plain) in CBT.V504.FILE858.PDS, moved to PDS/ENDIF
2023-04-03 03:14:04.308920 - Found ENDLOOP.txt (text/plain) in CBT.V504.FILE858.PDS, moved to PDS/ENDLOOP
2023-04-03 03:14:04.309865 - Found ENDPSD.txt (text/plain) in CBT.V504.FILE858.PDS, moved to PDS/ENDPSD
2023-04-03 03:14:04.310819 - Found ENDPWA.txt (text/plain) in CBT.V504.FILE858.PDS, moved to PDS/ENDPWA
2023-04-03 03:14:04.311815 - Found ENDSSD.txt (text/plain) in CBT.V504.FILE858.PDS, moved to PDS/ENDSSD
2023-04-03 03:14:04.312709 - Found ENDSWA.txt (text/plain) in CBT.V504.FILE858.PDS, moved to PDS/ENDSWA
2023-04-03 03:14:04.313576 - Found ENDVDA.txt (text/plain) in CBT.V504.FILE858.PDS, moved to PDS/ENDVDA
2023-04-03 03:14:04.314579 - Found EQU.txt (text/plain) in CBT.V504.FILE858.PDS, moved to PDS/EQU
2023-04-03 03:14:04.315687 - Found ERREXIT.txt (text/plain) in CBT.V504.FILE858.PDS, moved to PDS/ERREXIT
2023-04-03 03:14:04.316750 - Found EXI.txt (text/plain) in CBT.V504.FILE858.PDS, moved to PDS/EXI
2023-04-03 03:14:04.317681 - Found FILL.txt (text/plain) in CBT.V504.FILE858.PDS, moved to PDS/FILL
2023-04-03 03:14:04.318739 - Found IBIT.txt (text/plain) in CBT.V504.FILE858.PDS, moved to PDS/IBIT
2023-04-03 03:14:04.319700 - Found IF.txt (text/plain) in CBT.V504.FILE858.PDS, moved to PDS/IF
2023-04-03 03:14:04.320682 - Found LCBA.txt (text/plain) in CBT.V504.FILE858.PDS, moved to PDS/LCBA
2023-04-03 03:14:04.321599 - Found LEAVE.txt (text/plain) in CBT.V504.FILE858.PDS, moved to PDS/LEAVE
2023-04-03 03:14:04.322602 - Found LOOP.txt (text/plain) in CBT.V504.FILE858.PDS, moved to PDS/LOOP
2023-04-03 03:14:04.323644 - Found L16.txt (text/plain) in CBT.V504.FILE858.PDS, moved to PDS/L16
2023-04-03 03:14:04.324636 - Found L24.txt (text/plain) in CBT.V504.FILE858.PDS, moved to PDS/L24
2023-04-03 03:14:04.325691 - Found L32.txt (text/plain) in CBT.V504.FILE858.PDS, moved to PDS/L32
2023-04-03 03:14:04.326859 - Found L8.txt (text/plain) in CBT.V504.FILE858.PDS, moved to PDS/L8
2023-04-03 03:14:04.327994 - Found MSC0150$.jcl (text/plain) in CBT.V504.FILE858.PDS, moved to PDS/MSC0150$
2023-04-03 03:14:04.329112 - Found PLIST.txt (text/plain) in CBT.V504.FILE858.PDS, moved to PDS/PLIST
2023-04-03 03:14:04.330261 - Found PSD.txt (text/plain) in CBT.V504.FILE858.PDS, moved to PDS/PSD
2023-04-03 03:14:04.331302 - Found PWA.txt (text/plain) in CBT.V504.FILE858.PDS, moved to PDS/PWA
2023-04-03 03:14:04.332427 - Found RBIT.txt (text/plain) in CBT.V504.FILE858.PDS, moved to PDS/RBIT
2023-04-03 03:14:04.333401 - Found SBIT.txt (text/plain) in CBT.V504.FILE858.PDS, moved to PDS/SBIT
2023-04-03 03:14:04.334377 - Found SMCTRL.txt (text/plain) in CBT.V504.FILE858.PDS, moved to PDS/SMCTRL
2023-04-03 03:14:04.335338 - Found SMLIST.txt (text/plain) in CBT.V504.FILE858.PDS, moved to PDS/SMLIST
2023-04-03 03:14:04.336385 - Found SMPUCOND.txt (text/plain) in CBT.V504.FILE858.PDS, moved to PDS/SMPUCOND
2023-04-03 03:14:04.337381 - Found SMSYMS.txt (text/plain) in CBT.V504.FILE858.PDS, moved to PDS/SMSYMS
2023-04-03 03:14:04.338459 - Found SSD.txt (text/plain) in CBT.V504.FILE858.PDS, moved to PDS/SSD
2023-04-03 03:14:04.339465 - Found STRSA.txt (text/plain) in CBT.V504.FILE858.PDS, moved to PDS/STRSA
2023-04-03 03:14:04.340496 - Found SWA.txt (text/plain) in CBT.V504.FILE858.PDS, moved to PDS/SWA
2023-04-03 03:14:04.341484 - Found TBIT.txt (text/plain) in CBT.V504.FILE858.PDS, moved to PDS/TBIT
2023-04-03 03:14:04.342513 - Found TREG.txt (text/plain) in CBT.V504.FILE858.PDS, moved to PDS/TREG
2023-04-03 03:14:04.343571 - Found VDA.txt (text/plain) in CBT.V504.FILE858.PDS, moved to PDS/VDA
